<?xml version="1.0" encoding="UTF-8"?>
<!-- Generated by org.testng.reporters.JUnitXMLReporter -->
<testsuite ignored="1" hostname="Sallu" failures="0" tests="2" name="Test" time="9.577" errors="0" timestamp="2024-09-15T22:29:05 BDT">
  <testcase classname="com.facebook_tests.LoginTest" name="InvalidusernameLoginTest" time="0.617"/>
  <testcase classname="com.facebook_tests.LoginTest" name="validLoginTest" time="0.64"/>
  <testcase classname="com.facebook_tests.LoginTest" name="invalidPasswordLoginTest" time="0.0">
    <ignored/>
  </testcase> <!-- invalidPasswordLoginTest -->
</testsuite> <!-- Test -->
