<?xml version="1.0" encoding="UTF-8"?>
<!-- Generated by org.testng.reporters.JUnitXMLReporter -->
<testsuite ignored="2" hostname="Sallu" failures="0" tests="1" name="Test" time="10.503" errors="0" timestamp="2024-09-15T22:23:42 BDT">
  <testcase classname="com.facebook_tests.LoginTest" name="validLoginTest" time="5.911"/>
  <testcase classname="com.facebook_tests.LoginTest" name="invalidPasswordLoginTest" time="0.0">
    <ignored/>
  </testcase> <!-- invalidPasswordLoginTest -->
  <testcase classname="com.facebook_tests.LoginTest" name="InvalidusernameLoginTest" time="0.0">
    <ignored/>
  </testcase> <!-- InvalidusernameLoginTest -->
</testsuite> <!-- Test -->
