<?xml version="1.0" encoding="UTF-8"?>
<testng-results ignored="0" total="2" passed="2" failed="0" skipped="0">
  <reporter-output>
  </reporter-output>
  <suite started-at="2024-09-15T22:32:01 BDT" name="Regression Suite" finished-at="2024-09-15T22:32:12 BDT" duration-ms="10791">
    <groups>
      <group name="functional">
        <method signature="LoginTest.validLoginTest()[pri:0, instance:com.facebook_tests.LoginTest@77847718]" name="validLoginTest" class="com.facebook_tests.LoginTest"/>
      </group> <!-- functional -->
      <group name="regression">
        <method signature="LoginTest.invalidPasswordLoginTest()[pri:0, instance:com.facebook_tests.LoginTest@77847718]" name="invalidPasswordLoginTest" class="com.facebook_tests.LoginTest"/>
        <method signature="LoginTest.validLoginTest()[pri:0, instance:com.facebook_tests.LoginTest@77847718]" name="validLoginTest" class="com.facebook_tests.LoginTest"/>
      </group> <!-- regression -->
      <group name="smoke">
        <method signature="LoginTest.validLoginTest()[pri:0, instance:com.facebook_tests.LoginTest@77847718]" name="validLoginTest" class="com.facebook_tests.LoginTest"/>
      </group> <!-- smoke -->
    </groups>
    <test started-at="2024-09-15T22:32:01 BDT" name="Regression Test" finished-at="2024-09-15T22:32:12 BDT" duration-ms="10791">
      <class name="com.facebook_tests.LoginTest">
        <test-method is-config="true" signature="openFacebook()[pri:0, instance:com.facebook_tests.LoginTest@77847718]" started-at="2024-09-15T22:32:02 BDT" name="openFacebook" finished-at="2024-09-15T22:32:06 BDT" duration-ms="4725" status="PASS">
          <reporter-output>
          </reporter-output>
        </test-method> <!-- openFacebook -->
        <test-method signature="invalidPasswordLoginTest()[pri:0, instance:com.facebook_tests.LoginTest@77847718]" started-at="2024-09-15T22:32:06 BDT" name="invalidPasswordLoginTest" finished-at="2024-09-15T22:32:07 BDT" duration-ms="693" status="PASS">
          <reporter-output>
          </reporter-output>
        </test-method> <!-- invalidPasswordLoginTest -->
        <test-method is-config="true" signature="closeFacebook()[pri:0, instance:com.facebook_tests.LoginTest@77847718]" started-at="2024-09-15T22:32:07 BDT" name="closeFacebook" finished-at="2024-09-15T22:32:07 BDT" duration-ms="359" status="PASS">
          <reporter-output>
          </reporter-output>
        </test-method> <!-- closeFacebook -->
        <test-method is-config="true" signature="openFacebook()[pri:0, instance:com.facebook_tests.LoginTest@77847718]" started-at="2024-09-15T22:32:07 BDT" name="openFacebook" finished-at="2024-09-15T22:32:11 BDT" duration-ms="3911" status="PASS">
          <reporter-output>
          </reporter-output>
        </test-method> <!-- openFacebook -->
        <test-method signature="validLoginTest()[pri:0, instance:com.facebook_tests.LoginTest@77847718]" started-at="2024-09-15T22:32:11 BDT" name="validLoginTest" finished-at="2024-09-15T22:32:12 BDT" duration-ms="554" status="PASS">
          <reporter-output>
          </reporter-output>
        </test-method> <!-- validLoginTest -->
        <test-method is-config="true" signature="closeFacebook()[pri:0, instance:com.facebook_tests.LoginTest@77847718]" started-at="2024-09-15T22:32:12 BDT" name="closeFacebook" finished-at="2024-09-15T22:32:12 BDT" duration-ms="367" status="PASS">
          <reporter-output>
          </reporter-output>
        </test-method> <!-- closeFacebook -->
      </class> <!-- com.facebook_tests.LoginTest -->
    </test> <!-- Regression Test -->
  </suite> <!-- Regression Suite -->
</testng-results>
